<?xml version="1.0" encoding="UTF-8"?>
<!-- Generated by org.testng.reporters.JUnitReportReporter -->
<testsuite skipped="0" hostname="CBR-LAP-DEL2381" name="com.testpack.one.testClass1" tests="1" failures="0" timestamp="28 Nov 2017 16:35:11 GMT" time="0.011" errors="0">
  <testcase name="f" time="0.011" classname="com.testpack.one.testClass1"/>
</testsuite> <!-- com.testpack.one.testClass1 -->
