<?xml version="1.0" encoding="UTF-8"?>
<!-- Generated by org.testng.reporters.JUnitReportReporter -->
<testsuite skipped="0" hostname="RAVI-PC" name="com.testpack.one.testClass1" tests="1" failures="0" timestamp="26 Nov 2017 11:29:43 GMT" time="0.022" errors="0">
  <testcase name="f" time="0.022" classname="com.testpack.one.testClass1"/>
</testsuite> <!-- com.testpack.one.testClass1 -->
