<?xml version="1.0" encoding="UTF-8"?>
<!-- Generated by org.testng.reporters.JUnitReportReporter -->
<testsuite name="com.testpack.one.testClass1" tests="1" time="0.006" ignored="0" failures="0" timestamp="28 Nov 2017 16:44:48 GMT" skipped="0" hostname="CBR-LAP-DEL2381" errors="0">
  <testcase name="f" time="0.006" classname="com.testpack.one.testClass1"/>
</testsuite> <!-- com.testpack.one.testClass1 -->
