<?xml version="1.0" encoding="UTF-8"?>
<!-- Generated by org.testng.reporters.JUnitReportReporter -->
<testsuite name="com.testpack.one.testClass1" tests="1" time="0.008" ignored="0" failures="0" timestamp="26 Nov 2017 13:59:02 GMT" skipped="0" hostname="RAVI-PC" errors="0">
  <testcase name="f" time="0.008" classname="com.testpack.one.testClass1"/>
</testsuite> <!-- com.testpack.one.testClass1 -->
